<?xml version="1.0" encoding="UTF-8"?>
<!-- Generated by org.testng.reporters.JUnitReportReporter -->
<testsuite name="logintest.NumberComparision" tests="1" time="0.002" ignored="0" failures="0" timestamp="13 Oct 2021 12:26:06 GMT" skipped="0" hostname="DESKTOP-F2AI0QF" errors="0">
  <testcase name="intComparision" time="0.002" classname="logintest.NumberComparision"/>
</testsuite> <!-- logintest.NumberComparision -->
