<?xml version="1.0" encoding="UTF-8"?>
<!-- Generated by org.testng.reporters.JUnitReportReporter -->
<testsuite name="logintest.SeleniumDev" tests="1" time="2.799" ignored="0" failures="0" timestamp="13 Oct 2021 12:26:06 GMT" skipped="0" hostname="DESKTOP-F2AI0QF" errors="0">
  <testcase name="titleTest" time="2.799" classname="logintest.SeleniumDev"/>
</testsuite> <!-- logintest.SeleniumDev -->
