<?xml version="1.0" encoding="UTF-8"?>
<!-- Generated by org.testng.reporters.JUnitReportReporter -->
<testsuite name="logintest.AppTest" tests="2" time="0.016" ignored="0" failures="0" timestamp="13 Oct 2021 12:26:06 GMT" skipped="0" hostname="DESKTOP-F2AI0QF" errors="0">
  <testcase name="invalidLoginTest" time="0.016" classname="logintest.AppTest"/>
  <testcase name="validLoginTest" time="0.000" classname="logintest.AppTest"/>
</testsuite> <!-- logintest.AppTest -->
